+ [[ fv3_aqm.exe == fv3_aqm.exe ]]
+ rm -f /scratch1/NCEPDEV/stmp2/Raffaele.Montuoro/scrub/rtgen.258790/exec/fv3_aqm.exe
+ md5sum=/scratch1/NCEPDEV/stmp2/Raffaele.Montuoro/scrub/rtgen.258790/exec/fv3_aqm.exe.md5
+ OPTS=app=coupledFV3_AQM
+ mkdir -p /scratch1/NCEPDEV/stmp2/Raffaele.Montuoro/scrub/rtgen.258790/exec /scratch1/NCEPDEV/stmp2/Raffaele.Montuoro/scrub/rtgen.258790/include
+ rm -f /scratch1/NCEPDEV/stmp2/Raffaele.Montuoro/scrub/rtgen.258790/exec/fv3_aqm.exe /scratch1/NCEPDEV/stmp2/Raffaele.Montuoro/scrub/rtgen.258790/include/modules_appbuilder.fv3
+ cd /scratch1/NCEPDEV/nems/Raffaele.Montuoro/dev/aqm/dev/dev/EMC_FV3GFS-AQM
+ which aprun
which: no aprun in (/scratch1/NCEPDEV/nems/emc.nemspara/soft/emc-utils/1.1.0/bin:/apps/hpss:/apps/rocoto/1.3.1/bin:/usr/lib64/qt-3.3/bin:/usr/local/bin:/usr/bin:/usr/local/sbin:/usr/sbin:/opt/ibutils/bin:/apps/local/bin:/apps/local/sbin:/apps/slurm/default/slurm/tools:/apps/slurm/default/bin:/apps/slurm/default/sbin:/apps/slurm/tools/sbank/bin)
+ ./NEMS/NEMSAppBuilder rebuild app=coupledFV3_AQM
+ cd /scratch1/NCEPDEV/nems/Raffaele.Montuoro/dev/aqm/dev/dev/EMC_FV3GFS-AQM/NEMS/src
+ cp -fp ../exe/NEMS.x /scratch1/NCEPDEV/stmp2/Raffaele.Montuoro/scrub/rtgen.258790/exec/fv3_aqm.exe
+ cp -fp conf/modules.nems /scratch1/NCEPDEV/stmp2/Raffaele.Montuoro/scrub/rtgen.258790/include/modules_appbuilder.fv3
+ md5sum /scratch1/NCEPDEV/stmp2/Raffaele.Montuoro/scrub/rtgen.258790/exec/fv3_aqm.exe
+ unset md5sum
+ unset OPTS
+ set -xe
+ set -xe
+ test -s /scratch1/NCEPDEV/stmp2/Raffaele.Montuoro/scrub/rtgen.258790/exec/fv3_aqm.exe
+ test -x /scratch1/NCEPDEV/stmp2/Raffaele.Montuoro/scrub/rtgen.258790/exec/fv3_aqm.exe
_______________________________________________________________
Start Epilog v19.07.23 on node h20c27 for job 348912 :: Thu Oct 17 01:06:09 UTC 2019
Job 348912 (not serial) finished for user Raffaele.Montuoro in partition hera with exit code 0:0
_______________________________________________________________
End Epilogue v19.07.23 Thu Oct 17 01:06:09 UTC 2019
